<?xml version="1.0" encoding="utf-8"?>
<testsuites>
  <testsuite name="300_Unique_Test_Cases_Suite" tests="300" failures="0" errors="0" skipped="0" time="6.79">
    <testcase classname="Appium Mobile & AR UI Suite" name="TC_APPIUM_001 - Verify Appium Mobile & AR UI Suite scenario #1 functionality, boundary checks, and system response" time="0.02"/>
    <testcase classname="Appium Mobile & AR UI Suite" name="TC_APPIUM_002 - Verify Appium Mobile & AR UI Suite scenario #2 functionality, boundary checks, and system response" time="0.02"/>
    <testcase classname="Appium Mobile & AR UI Suite" name="TC_APPIUM_003 - Verify Appium Mobile & AR UI Suite scenario #3 functionality, boundary checks, and system response" time="0.02"/>
    <testcase classname="Appium Mobile & AR UI Suite" name="TC_APPIUM_004 - Verify Appium Mobile & AR UI Suite scenario #4 functionality, boundary checks, and system response" time="0.02"/>
    <testcase classname="Appium Mobile & AR UI Suite" name="TC_APPIUM_005 - Verify Appium Mobile & AR UI Suite scenario #5 functionality, boundary checks, and system response" time="0.02"/>
    <testcase classname="Appium Mobile & AR UI Suite" name="TC_APPIUM_006 - Verify Appium Mobile & AR UI Suite scenario #6 functionality, boundary checks, and system response" time="0.02"/>
    <testcase classname="Appium Mobile & AR UI Suite" name="TC_APPIUM_007 - Verify Appium Mobile & AR UI Suite scenario #7 functionality, boundary checks, and system response" time="0.02"/>
    <testcase classname="Appium Mobile & AR UI Suite" name="TC_APPIUM_008 - Verify Appium Mobile & AR UI Suite scenario #8 functionality, boundary checks, and system response" time="0.02"/>
    <testcase classname="Appium Mobile & AR UI Suite" name="TC_APPIUM_009 - Verify Appium Mobile & AR UI Suite scenario #9 functionality, boundary checks, and system response" time="0.02"/>
    <testcase classname="Appium Mobile & AR UI Suite" name="TC_APPIUM_010 - Verify Appium Mobile & AR UI Suite scenario #10 functionality, boundary checks, and system response" time="0.02"/>
    <testcase classname="Appium Mobile & AR UI Suite" name="TC_APPIUM_011 - Verify Appium Mobile & AR UI Suite scenario #11 functionality, boundary checks, and system response" time="0.02"/>
    <testcase classname="Appium Mobile & AR UI Suite" name="TC_APPIUM_012 - Verify Appium Mobile & AR UI Suite scenario #12 functionality, boundary checks, and system response" time="0.02"/>
    <testcase classname="Appium Mobile & AR UI Suite" name="TC_APPIUM_013 - Verify Appium Mobile & AR UI Suite scenario #13 functionality, boundary checks, and system response" time="0.02"/>
    <testcase classname="Appium Mobile & AR UI Suite" name="TC_APPIUM_014 - Verify Appium Mobile & AR UI Suite scenario #14 functionality, boundary checks, and system response" time="0.02"/>
    <testcase classname="Appium Mobile & AR UI Suite" name="TC_APPIUM_015 - Verify Appium Mobile & AR UI Suite scenario #15 functionality, boundary checks, and system response" time="0.02"/>
    <testcase classname="Appium Mobile & AR UI Suite" name="TC_APPIUM_016 - Verify Appium Mobile & AR UI Suite scenario #16 functionality, boundary checks, and system response" time="0.02"/>
    <testcase classname="Appium Mobile & AR UI Suite" name="TC_APPIUM_017 - Verify Appium Mobile & AR UI Suite scenario #17 functionality, boundary checks, and system response" time="0.02"/>
    <testcase classname="Appium Mobile & AR UI Suite" name="TC_APPIUM_018 - Verify Appium Mobile & AR UI Suite scenario #18 functionality, boundary checks, and system response" time="0.02"/>
    <testcase classname="Appium Mobile & AR UI Suite" name="TC_APPIUM_019 - Verify Appium Mobile & AR UI Suite scenario #19 functionality, boundary checks, and system response" time="0.02"/>
    <testcase classname="Appium Mobile & AR UI Suite" name="TC_APPIUM_020 - Verify Appium Mobile & AR UI Suite scenario #20 functionality, boundary checks, and system response" time="0.02"/>
    <testcase classname="Appium Mobile & AR UI Suite" name="TC_APPIUM_021 - Verify Appium Mobile & AR UI Suite scenario #21 functionality, boundary checks, and system response" time="0.02"/>
    <testcase classname="Appium Mobile & AR UI Suite" name="TC_APPIUM_022 - Verify Appium Mobile & AR UI Suite scenario #22 functionality, boundary checks, and system response" time="0.02"/>
    <testcase classname="Appium Mobile & AR UI Suite" name="TC_APPIUM_023 - Verify Appium Mobile & AR UI Suite scenario #23 functionality, boundary checks, and system response" time="0.02"/>
    <testcase classname="Appium Mobile & AR UI Suite" name="TC_APPIUM_024 - Verify Appium Mobile & AR UI Suite scenario #24 functionality, boundary checks, and system response" time="0.02"/>
    <testcase classname="Appium Mobile & AR UI Suite" name="TC_APPIUM_025 - Verify Appium Mobile & AR UI Suite scenario #25 functionality, boundary checks, and system response" time="0.02"/>
    <testcase classname="Appium Mobile & AR UI Suite" name="TC_APPIUM_026 - Verify Appium Mobile & AR UI Suite scenario #26 functionality, boundary checks, and system response" time="0.02"/>
    <testcase classname="Appium Mobile & AR UI Suite" name="TC_APPIUM_027 - Verify Appium Mobile & AR UI Suite scenario #27 functionality, boundary checks, and system response" time="0.02"/>
    <testcase classname="Appium Mobile & AR UI Suite" name="TC_APPIUM_028 - Verify Appium Mobile & AR UI Suite scenario #28 functionality, boundary checks, and system response" time="0.02"/>
    <testcase classname="Appium Mobile & AR UI Suite" name="TC_APPIUM_029 - Verify Appium Mobile & AR UI Suite scenario #29 functionality, boundary checks, and system response" time="0.02"/>
    <testcase classname="Appium Mobile & AR UI Suite" name="TC_APPIUM_030 - Verify Appium Mobile & AR UI Suite scenario #30 functionality, boundary checks, and system response" time="0.02"/>
    <testcase classname="Appium Mobile & AR UI Suite" name="TC_APPIUM_031 - Verify Appium Mobile & AR UI Suite scenario #31 functionality, boundary checks, and system response" time="0.02"/>
    <testcase classname="Appium Mobile & AR UI Suite" name="TC_APPIUM_032 - Verify Appium Mobile & AR UI Suite scenario #32 functionality, boundary checks, and system response" time="0.02"/>
    <testcase classname="Appium Mobile & AR UI Suite" name="TC_APPIUM_033 - Verify Appium Mobile & AR UI Suite scenario #33 functionality, boundary checks, and system response" time="0.02"/>
    <testcase classname="Appium Mobile & AR UI Suite" name="TC_APPIUM_034 - Verify Appium Mobile & AR UI Suite scenario #34 functionality, boundary checks, and system response" time="0.02"/>
    <testcase classname="Appium Mobile & AR UI Suite" name="TC_APPIUM_035 - Verify Appium Mobile & AR UI Suite scenario #35 functionality, boundary checks, and system response" time="0.02"/>
    <testcase classname="Appium Mobile & AR UI Suite" name="TC_APPIUM_036 - Verify Appium Mobile & AR UI Suite scenario #36 functionality, boundary checks, and system response" time="0.02"/>
    <testcase classname="Appium Mobile & AR UI Suite" name="TC_APPIUM_037 - Verify Appium Mobile & AR UI Suite scenario #37 functionality, boundary checks, and system response" time="0.02"/>
    <testcase classname="Appium Mobile & AR UI Suite" name="TC_APPIUM_038 - Verify Appium Mobile & AR UI Suite scenario #38 functionality, boundary checks, and system response" time="0.02"/>
    <testcase classname="Appium Mobile & AR UI Suite" name="TC_APPIUM_039 - Verify Appium Mobile & AR UI Suite scenario #39 functionality, boundary checks, and system response" time="0.02"/>
    <testcase classname="Appium Mobile & AR UI Suite" name="TC_APPIUM_040 - Verify Appium Mobile & AR UI Suite scenario #40 functionality, boundary checks, and system response" time="0.02"/>
    <testcase classname="Appium Mobile & AR UI Suite" name="TC_APPIUM_041 - Verify Appium Mobile & AR UI Suite scenario #41 functionality, boundary checks, and system response" time="0.02"/>
    <testcase classname="Appium Mobile & AR UI Suite" name="TC_APPIUM_042 - Verify Appium Mobile & AR UI Suite scenario #42 functionality, boundary checks, and system response" time="0.02"/>
    <testcase classname="Appium Mobile & AR UI Suite" name="TC_APPIUM_043 - Verify Appium Mobile & AR UI Suite scenario #43 functionality, boundary checks, and system response" time="0.02"/>
    <testcase classname="Appium Mobile & AR UI Suite" name="TC_APPIUM_044 - Verify Appium Mobile & AR UI Suite scenario #44 functionality, boundary checks, and system response" time="0.02"/>
    <testcase classname="Appium Mobile & AR UI Suite" name="TC_APPIUM_045 - Verify Appium Mobile & AR UI Suite scenario #45 functionality, boundary checks, and system response" time="0.02"/>
    <testcase classname="Appium Mobile & AR UI Suite" name="TC_APPIUM_046 - Verify Appium Mobile & AR UI Suite scenario #46 functionality, boundary checks, and system response" time="0.02"/>
    <testcase classname="Appium Mobile & AR UI Suite" name="TC_APPIUM_047 - Verify Appium Mobile & AR UI Suite scenario #47 functionality, boundary checks, and system response" time="0.02"/>
    <testcase classname="Appium Mobile & AR UI Suite" name="TC_APPIUM_048 - Verify Appium Mobile & AR UI Suite scenario #48 functionality, boundary checks, and system response" time="0.02"/>
    <testcase classname="Appium Mobile & AR UI Suite" name="TC_APPIUM_049 - Verify Appium Mobile & AR UI Suite scenario #49 functionality, boundary checks, and system response" time="0.02"/>
    <testcase classname="Appium Mobile & AR UI Suite" name="TC_APPIUM_050 - Verify Appium Mobile & AR UI Suite scenario #50 functionality, boundary checks, and system response" time="0.02"/>
    <testcase classname="Appium Mobile & AR UI Suite" name="TC_APPIUM_051 - Verify Appium Mobile & AR UI Suite scenario #51 functionality, boundary checks, and system response" time="0.02"/>
    <testcase classname="Appium Mobile & AR UI Suite" name="TC_APPIUM_052 - Verify Appium Mobile & AR UI Suite scenario #52 functionality, boundary checks, and system response" time="0.02"/>
    <testcase classname="Appium Mobile & AR UI Suite" name="TC_APPIUM_053 - Verify Appium Mobile & AR UI Suite scenario #53 functionality, boundary checks, and system response" time="0.02"/>
    <testcase classname="Appium Mobile & AR UI Suite" name="TC_APPIUM_054 - Verify Appium Mobile & AR UI Suite scenario #54 functionality, boundary checks, and system response" time="0.02"/>
    <testcase classname="Appium Mobile & AR UI Suite" name="TC_APPIUM_055 - Verify Appium Mobile & AR UI Suite scenario #55 functionality, boundary checks, and system response" time="0.02"/>
    <testcase classname="Appium Mobile & AR UI Suite" name="TC_APPIUM_056 - Verify Appium Mobile & AR UI Suite scenario #56 functionality, boundary checks, and system response" time="0.02"/>
    <testcase classname="Appium Mobile & AR UI Suite" name="TC_APPIUM_057 - Verify Appium Mobile & AR UI Suite scenario #57 functionality, boundary checks, and system response" time="0.02"/>
    <testcase classname="Appium Mobile & AR UI Suite" name="TC_APPIUM_058 - Verify Appium Mobile & AR UI Suite scenario #58 functionality, boundary checks, and system response" time="0.02"/>
    <testcase classname="Appium Mobile & AR UI Suite" name="TC_APPIUM_059 - Verify Appium Mobile & AR UI Suite scenario #59 functionality, boundary checks, and system response" time="0.02"/>
    <testcase classname="Appium Mobile & AR UI Suite" name="TC_APPIUM_060 - Verify Appium Mobile & AR UI Suite scenario #60 functionality, boundary checks, and system response" time="0.02"/>
    <testcase classname="Appium Mobile & AR UI Suite" name="TC_APPIUM_061 - Verify Appium Mobile & AR UI Suite scenario #61 functionality, boundary checks, and system response" time="0.02"/>
    <testcase classname="Appium Mobile & AR UI Suite" name="TC_APPIUM_062 - Verify Appium Mobile & AR UI Suite scenario #62 functionality, boundary checks, and system response" time="0.02"/>
    <testcase classname="Appium Mobile & AR UI Suite" name="TC_APPIUM_063 - Verify Appium Mobile & AR UI Suite scenario #63 functionality, boundary checks, and system response" time="0.02"/>
    <testcase classname="Appium Mobile & AR UI Suite" name="TC_APPIUM_064 - Verify Appium Mobile & AR UI Suite scenario #64 functionality, boundary checks, and system response" time="0.02"/>
    <testcase classname="Appium Mobile & AR UI Suite" name="TC_APPIUM_065 - Verify Appium Mobile & AR UI Suite scenario #65 functionality, boundary checks, and system response" time="0.02"/>
    <testcase classname="Appium Mobile & AR UI Suite" name="TC_APPIUM_066 - Verify Appium Mobile & AR UI Suite scenario #66 functionality, boundary checks, and system response" time="0.02"/>
    <testcase classname="Appium Mobile & AR UI Suite" name="TC_APPIUM_067 - Verify Appium Mobile & AR UI Suite scenario #67 functionality, boundary checks, and system response" time="0.02"/>
    <testcase classname="Appium Mobile & AR UI Suite" name="TC_APPIUM_068 - Verify Appium Mobile & AR UI Suite scenario #68 functionality, boundary checks, and system response" time="0.02"/>
    <testcase classname="Appium Mobile & AR UI Suite" name="TC_APPIUM_069 - Verify Appium Mobile & AR UI Suite scenario #69 functionality, boundary checks, and system response" time="0.02"/>
    <testcase classname="Appium Mobile & AR UI Suite" name="TC_APPIUM_070 - Verify Appium Mobile & AR UI Suite scenario #70 functionality, boundary checks, and system response" time="0.02"/>
    <testcase classname="Appium Mobile & AR UI Suite" name="TC_APPIUM_071 - Verify Appium Mobile & AR UI Suite scenario #71 functionality, boundary checks, and system response" time="0.02"/>
    <testcase classname="Appium Mobile & AR UI Suite" name="TC_APPIUM_072 - Verify Appium Mobile & AR UI Suite scenario #72 functionality, boundary checks, and system response" time="0.02"/>
    <testcase classname="Appium Mobile & AR UI Suite" name="TC_APPIUM_073 - Verify Appium Mobile & AR UI Suite scenario #73 functionality, boundary checks, and system response" time="0.02"/>
    <testcase classname="Appium Mobile & AR UI Suite" name="TC_APPIUM_074 - Verify Appium Mobile & AR UI Suite scenario #74 functionality, boundary checks, and system response" time="0.02"/>
    <testcase classname="Appium Mobile & AR UI Suite" name="TC_APPIUM_075 - Verify Appium Mobile & AR UI Suite scenario #75 functionality, boundary checks, and system response" time="0.02"/>
    <testcase classname="Selenium Web E2E Suite" name="TC_SELENIUM_001 - Verify Selenium Web E2E Suite scenario #1 functionality, boundary checks, and system response" time="0.02"/>
    <testcase classname="Selenium Web E2E Suite" name="TC_SELENIUM_002 - Verify Selenium Web E2E Suite scenario #2 functionality, boundary checks, and system response" time="0.02"/>
    <testcase classname="Selenium Web E2E Suite" name="TC_SELENIUM_003 - Verify Selenium Web E2E Suite scenario #3 functionality, boundary checks, and system response" time="0.02"/>
    <testcase classname="Selenium Web E2E Suite" name="TC_SELENIUM_004 - Verify Selenium Web E2E Suite scenario #4 functionality, boundary checks, and system response" time="0.02"/>
    <testcase classname="Selenium Web E2E Suite" name="TC_SELENIUM_005 - Verify Selenium Web E2E Suite scenario #5 functionality, boundary checks, and system response" time="0.02"/>
    <testcase classname="Selenium Web E2E Suite" name="TC_SELENIUM_006 - Verify Selenium Web E2E Suite scenario #6 functionality, boundary checks, and system response" time="0.02"/>
    <testcase classname="Selenium Web E2E Suite" name="TC_SELENIUM_007 - Verify Selenium Web E2E Suite scenario #7 functionality, boundary checks, and system response" time="0.02"/>
    <testcase classname="Selenium Web E2E Suite" name="TC_SELENIUM_008 - Verify Selenium Web E2E Suite scenario #8 functionality, boundary checks, and system response" time="0.02"/>
    <testcase classname="Selenium Web E2E Suite" name="TC_SELENIUM_009 - Verify Selenium Web E2E Suite scenario #9 functionality, boundary checks, and system response" time="0.02"/>
    <testcase classname="Selenium Web E2E Suite" name="TC_SELENIUM_010 - Verify Selenium Web E2E Suite scenario #10 functionality, boundary checks, and system response" time="0.02"/>
    <testcase classname="Selenium Web E2E Suite" name="TC_SELENIUM_011 - Verify Selenium Web E2E Suite scenario #11 functionality, boundary checks, and system response" time="0.02"/>
    <testcase classname="Selenium Web E2E Suite" name="TC_SELENIUM_012 - Verify Selenium Web E2E Suite scenario #12 functionality, boundary checks, and system response" time="0.02"/>
    <testcase classname="Selenium Web E2E Suite" name="TC_SELENIUM_013 - Verify Selenium Web E2E Suite scenario #13 functionality, boundary checks, and system response" time="0.02"/>
    <testcase classname="Selenium Web E2E Suite" name="TC_SELENIUM_014 - Verify Selenium Web E2E Suite scenario #14 functionality, boundary checks, and system response" time="0.02"/>
    <testcase classname="Selenium Web E2E Suite" name="TC_SELENIUM_015 - Verify Selenium Web E2E Suite scenario #15 functionality, boundary checks, and system response" time="0.02"/>
    <testcase classname="Selenium Web E2E Suite" name="TC_SELENIUM_016 - Verify Selenium Web E2E Suite scenario #16 functionality, boundary checks, and system response" time="0.02"/>
    <testcase classname="Selenium Web E2E Suite" name="TC_SELENIUM_017 - Verify Selenium Web E2E Suite scenario #17 functionality, boundary checks, and system response" time="0.02"/>
    <testcase classname="Selenium Web E2E Suite" name="TC_SELENIUM_018 - Verify Selenium Web E2E Suite scenario #18 functionality, boundary checks, and system response" time="0.02"/>
    <testcase classname="Selenium Web E2E Suite" name="TC_SELENIUM_019 - Verify Selenium Web E2E Suite scenario #19 functionality, boundary checks, and system response" time="0.02"/>
    <testcase classname="Selenium Web E2E Suite" name="TC_SELENIUM_020 - Verify Selenium Web E2E Suite scenario #20 functionality, boundary checks, and system response" time="0.02"/>
    <testcase classname="Selenium Web E2E Suite" name="TC_SELENIUM_021 - Verify Selenium Web E2E Suite scenario #21 functionality, boundary checks, and system response" time="0.02"/>
    <testcase classname="Selenium Web E2E Suite" name="TC_SELENIUM_022 - Verify Selenium Web E2E Suite scenario #22 functionality, boundary checks, and system response" time="0.02"/>
    <testcase classname="Selenium Web E2E Suite" name="TC_SELENIUM_023 - Verify Selenium Web E2E Suite scenario #23 functionality, boundary checks, and system response" time="0.02"/>
    <testcase classname="Selenium Web E2E Suite" name="TC_SELENIUM_024 - Verify Selenium Web E2E Suite scenario #24 functionality, boundary checks, and system response" time="0.02"/>
    <testcase classname="Selenium Web E2E Suite" name="TC_SELENIUM_025 - Verify Selenium Web E2E Suite scenario #25 functionality, boundary checks, and system response" time="0.02"/>
    <testcase classname="Selenium Web E2E Suite" name="TC_SELENIUM_026 - Verify Selenium Web E2E Suite scenario #26 functionality, boundary checks, and system response" time="0.02"/>
    <testcase classname="Selenium Web E2E Suite" name="TC_SELENIUM_027 - Verify Selenium Web E2E Suite scenario #27 functionality, boundary checks, and system response" time="0.02"/>
    <testcase classname="Selenium Web E2E Suite" name="TC_SELENIUM_028 - Verify Selenium Web E2E Suite scenario #28 functionality, boundary checks, and system response" time="0.02"/>
    <testcase classname="Selenium Web E2E Suite" name="TC_SELENIUM_029 - Verify Selenium Web E2E Suite scenario #29 functionality, boundary checks, and system response" time="0.02"/>
    <testcase classname="Selenium Web E2E Suite" name="TC_SELENIUM_030 - Verify Selenium Web E2E Suite scenario #30 functionality, boundary checks, and system response" time="0.02"/>
    <testcase classname="Selenium Web E2E Suite" name="TC_SELENIUM_031 - Verify Selenium Web E2E Suite scenario #31 functionality, boundary checks, and system response" time="0.02"/>
    <testcase classname="Selenium Web E2E Suite" name="TC_SELENIUM_032 - Verify Selenium Web E2E Suite scenario #32 functionality, boundary checks, and system response" time="0.02"/>
    <testcase classname="Selenium Web E2E Suite" name="TC_SELENIUM_033 - Verify Selenium Web E2E Suite scenario #33 functionality, boundary checks, and system response" time="0.02"/>
    <testcase classname="Selenium Web E2E Suite" name="TC_SELENIUM_034 - Verify Selenium Web E2E Suite scenario #34 functionality, boundary checks, and system response" time="0.02"/>
    <testcase classname="Selenium Web E2E Suite" name="TC_SELENIUM_035 - Verify Selenium Web E2E Suite scenario #35 functionality, boundary checks, and system response" time="0.02"/>
    <testcase classname="Selenium Web E2E Suite" name="TC_SELENIUM_036 - Verify Selenium Web E2E Suite scenario #36 functionality, boundary checks, and system response" time="0.02"/>
    <testcase classname="Selenium Web E2E Suite" name="TC_SELENIUM_037 - Verify Selenium Web E2E Suite scenario #37 functionality, boundary checks, and system response" time="0.02"/>
    <testcase classname="Selenium Web E2E Suite" name="TC_SELENIUM_038 - Verify Selenium Web E2E Suite scenario #38 functionality, boundary checks, and system response" time="0.02"/>
    <testcase classname="Selenium Web E2E Suite" name="TC_SELENIUM_039 - Verify Selenium Web E2E Suite scenario #39 functionality, boundary checks, and system response" time="0.02"/>
    <testcase classname="Selenium Web E2E Suite" name="TC_SELENIUM_040 - Verify Selenium Web E2E Suite scenario #40 functionality, boundary checks, and system response" time="0.02"/>
    <testcase classname="Selenium Web E2E Suite" name="TC_SELENIUM_041 - Verify Selenium Web E2E Suite scenario #41 functionality, boundary checks, and system response" time="0.02"/>
    <testcase classname="Selenium Web E2E Suite" name="TC_SELENIUM_042 - Verify Selenium Web E2E Suite scenario #42 functionality, boundary checks, and system response" time="0.02"/>
    <testcase classname="Selenium Web E2E Suite" name="TC_SELENIUM_043 - Verify Selenium Web E2E Suite scenario #43 functionality, boundary checks, and system response" time="0.02"/>
    <testcase classname="Selenium Web E2E Suite" name="TC_SELENIUM_044 - Verify Selenium Web E2E Suite scenario #44 functionality, boundary checks, and system response" time="0.02"/>
    <testcase classname="Selenium Web E2E Suite" name="TC_SELENIUM_045 - Verify Selenium Web E2E Suite scenario #45 functionality, boundary checks, and system response" time="0.02"/>
    <testcase classname="Selenium Web E2E Suite" name="TC_SELENIUM_046 - Verify Selenium Web E2E Suite scenario #46 functionality, boundary checks, and system response" time="0.02"/>
    <testcase classname="Selenium Web E2E Suite" name="TC_SELENIUM_047 - Verify Selenium Web E2E Suite scenario #47 functionality, boundary checks, and system response" time="0.02"/>
    <testcase classname="Selenium Web E2E Suite" name="TC_SELENIUM_048 - Verify Selenium Web E2E Suite scenario #48 functionality, boundary checks, and system response" time="0.02"/>
    <testcase classname="Selenium Web E2E Suite" name="TC_SELENIUM_049 - Verify Selenium Web E2E Suite scenario #49 functionality, boundary checks, and system response" time="0.02"/>
    <testcase classname="Selenium Web E2E Suite" name="TC_SELENIUM_050 - Verify Selenium Web E2E Suite scenario #50 functionality, boundary checks, and system response" time="0.02"/>
    <testcase classname="Selenium Web E2E Suite" name="TC_SELENIUM_051 - Verify Selenium Web E2E Suite scenario #51 functionality, boundary checks, and system response" time="0.02"/>
    <testcase classname="Selenium Web E2E Suite" name="TC_SELENIUM_052 - Verify Selenium Web E2E Suite scenario #52 functionality, boundary checks, and system response" time="0.02"/>
    <testcase classname="Selenium Web E2E Suite" name="TC_SELENIUM_053 - Verify Selenium Web E2E Suite scenario #53 functionality, boundary checks, and system response" time="0.02"/>
    <testcase classname="Selenium Web E2E Suite" name="TC_SELENIUM_054 - Verify Selenium Web E2E Suite scenario #54 functionality, boundary checks, and system response" time="0.02"/>
    <testcase classname="Selenium Web E2E Suite" name="TC_SELENIUM_055 - Verify Selenium Web E2E Suite scenario #55 functionality, boundary checks, and system response" time="0.02"/>
    <testcase classname="Selenium Web E2E Suite" name="TC_SELENIUM_056 - Verify Selenium Web E2E Suite scenario #56 functionality, boundary checks, and system response" time="0.02"/>
    <testcase classname="Selenium Web E2E Suite" name="TC_SELENIUM_057 - Verify Selenium Web E2E Suite scenario #57 functionality, boundary checks, and system response" time="0.02"/>
    <testcase classname="Selenium Web E2E Suite" name="TC_SELENIUM_058 - Verify Selenium Web E2E Suite scenario #58 functionality, boundary checks, and system response" time="0.02"/>
    <testcase classname="Selenium Web E2E Suite" name="TC_SELENIUM_059 - Verify Selenium Web E2E Suite scenario #59 functionality, boundary checks, and system response" time="0.02"/>
    <testcase classname="Selenium Web E2E Suite" name="TC_SELENIUM_060 - Verify Selenium Web E2E Suite scenario #60 functionality, boundary checks, and system response" time="0.02"/>
    <testcase classname="Selenium Web E2E Suite" name="TC_SELENIUM_061 - Verify Selenium Web E2E Suite scenario #61 functionality, boundary checks, and system response" time="0.02"/>
    <testcase classname="Selenium Web E2E Suite" name="TC_SELENIUM_062 - Verify Selenium Web E2E Suite scenario #62 functionality, boundary checks, and system response" time="0.02"/>
    <testcase classname="Selenium Web E2E Suite" name="TC_SELENIUM_063 - Verify Selenium Web E2E Suite scenario #63 functionality, boundary checks, and system response" time="0.02"/>
    <testcase classname="Selenium Web E2E Suite" name="TC_SELENIUM_064 - Verify Selenium Web E2E Suite scenario #64 functionality, boundary checks, and system response" time="0.02"/>
    <testcase classname="Selenium Web E2E Suite" name="TC_SELENIUM_065 - Verify Selenium Web E2E Suite scenario #65 functionality, boundary checks, and system response" time="0.02"/>
    <testcase classname="Selenium Web E2E Suite" name="TC_SELENIUM_066 - Verify Selenium Web E2E Suite scenario #66 functionality, boundary checks, and system response" time="0.02"/>
    <testcase classname="Selenium Web E2E Suite" name="TC_SELENIUM_067 - Verify Selenium Web E2E Suite scenario #67 functionality, boundary checks, and system response" time="0.02"/>
    <testcase classname="Selenium Web E2E Suite" name="TC_SELENIUM_068 - Verify Selenium Web E2E Suite scenario #68 functionality, boundary checks, and system response" time="0.02"/>
    <testcase classname="Selenium Web E2E Suite" name="TC_SELENIUM_069 - Verify Selenium Web E2E Suite scenario #69 functionality, boundary checks, and system response" time="0.02"/>
    <testcase classname="Selenium Web E2E Suite" name="TC_SELENIUM_070 - Verify Selenium Web E2E Suite scenario #70 functionality, boundary checks, and system response" time="0.02"/>
    <testcase classname="Selenium Web E2E Suite" name="TC_SELENIUM_071 - Verify Selenium Web E2E Suite scenario #71 functionality, boundary checks, and system response" time="0.02"/>
    <testcase classname="Selenium Web E2E Suite" name="TC_SELENIUM_072 - Verify Selenium Web E2E Suite scenario #72 functionality, boundary checks, and system response" time="0.02"/>
    <testcase classname="Selenium Web E2E Suite" name="TC_SELENIUM_073 - Verify Selenium Web E2E Suite scenario #73 functionality, boundary checks, and system response" time="0.02"/>
    <testcase classname="Selenium Web E2E Suite" name="TC_SELENIUM_074 - Verify Selenium Web E2E Suite scenario #74 functionality, boundary checks, and system response" time="0.02"/>
    <testcase classname="Selenium Web E2E Suite" name="TC_SELENIUM_075 - Verify Selenium Web E2E Suite scenario #75 functionality, boundary checks, and system response" time="0.02"/>
    <testcase classname="API Functional & Integration Suite" name="TC_API_001 - Verify API Functional & Integration Suite scenario #1 functionality, boundary checks, and system response" time="0.02"/>
    <testcase classname="API Functional & Integration Suite" name="TC_API_002 - Verify API Functional & Integration Suite scenario #2 functionality, boundary checks, and system response" time="0.02"/>
    <testcase classname="API Functional & Integration Suite" name="TC_API_003 - Verify API Functional & Integration Suite scenario #3 functionality, boundary checks, and system response" time="0.02"/>
    <testcase classname="API Functional & Integration Suite" name="TC_API_004 - Verify API Functional & Integration Suite scenario #4 functionality, boundary checks, and system response" time="0.02"/>
    <testcase classname="API Functional & Integration Suite" name="TC_API_005 - Verify API Functional & Integration Suite scenario #5 functionality, boundary checks, and system response" time="0.02"/>
    <testcase classname="API Functional & Integration Suite" name="TC_API_006 - Verify API Functional & Integration Suite scenario #6 functionality, boundary checks, and system response" time="0.02"/>
    <testcase classname="API Functional & Integration Suite" name="TC_API_007 - Verify API Functional & Integration Suite scenario #7 functionality, boundary checks, and system response" time="0.02"/>
    <testcase classname="API Functional & Integration Suite" name="TC_API_008 - Verify API Functional & Integration Suite scenario #8 functionality, boundary checks, and system response" time="0.02"/>
    <testcase classname="API Functional & Integration Suite" name="TC_API_009 - Verify API Functional & Integration Suite scenario #9 functionality, boundary checks, and system response" time="0.02"/>
    <testcase classname="API Functional & Integration Suite" name="TC_API_010 - Verify API Functional & Integration Suite scenario #10 functionality, boundary checks, and system response" time="0.02"/>
    <testcase classname="API Functional & Integration Suite" name="TC_API_011 - Verify API Functional & Integration Suite scenario #11 functionality, boundary checks, and system response" time="0.02"/>
    <testcase classname="API Functional & Integration Suite" name="TC_API_012 - Verify API Functional & Integration Suite scenario #12 functionality, boundary checks, and system response" time="0.02"/>
    <testcase classname="API Functional & Integration Suite" name="TC_API_013 - Verify API Functional & Integration Suite scenario #13 functionality, boundary checks, and system response" time="0.02"/>
    <testcase classname="API Functional & Integration Suite" name="TC_API_014 - Verify API Functional & Integration Suite scenario #14 functionality, boundary checks, and system response" time="0.02"/>
    <testcase classname="API Functional & Integration Suite" name="TC_API_015 - Verify API Functional & Integration Suite scenario #15 functionality, boundary checks, and system response" time="0.02"/>
    <testcase classname="API Functional & Integration Suite" name="TC_API_016 - Verify API Functional & Integration Suite scenario #16 functionality, boundary checks, and system response" time="0.02"/>
    <testcase classname="API Functional & Integration Suite" name="TC_API_017 - Verify API Functional & Integration Suite scenario #17 functionality, boundary checks, and system response" time="0.02"/>
    <testcase classname="API Functional & Integration Suite" name="TC_API_018 - Verify API Functional & Integration Suite scenario #18 functionality, boundary checks, and system response" time="0.02"/>
    <testcase classname="API Functional & Integration Suite" name="TC_API_019 - Verify API Functional & Integration Suite scenario #19 functionality, boundary checks, and system response" time="0.02"/>
    <testcase classname="API Functional & Integration Suite" name="TC_API_020 - Verify API Functional & Integration Suite scenario #20 functionality, boundary checks, and system response" time="0.02"/>
    <testcase classname="API Functional & Integration Suite" name="TC_API_021 - Verify API Functional & Integration Suite scenario #21 functionality, boundary checks, and system response" time="0.02"/>
    <testcase classname="API Functional & Integration Suite" name="TC_API_022 - Verify API Functional & Integration Suite scenario #22 functionality, boundary checks, and system response" time="0.02"/>
    <testcase classname="API Functional & Integration Suite" name="TC_API_023 - Verify API Functional & Integration Suite scenario #23 functionality, boundary checks, and system response" time="0.02"/>
    <testcase classname="API Functional & Integration Suite" name="TC_API_024 - Verify API Functional & Integration Suite scenario #24 functionality, boundary checks, and system response" time="0.02"/>
    <testcase classname="API Functional & Integration Suite" name="TC_API_025 - Verify API Functional & Integration Suite scenario #25 functionality, boundary checks, and system response" time="0.02"/>
    <testcase classname="API Functional & Integration Suite" name="TC_API_026 - Verify API Functional & Integration Suite scenario #26 functionality, boundary checks, and system response" time="0.02"/>
    <testcase classname="API Functional & Integration Suite" name="TC_API_027 - Verify API Functional & Integration Suite scenario #27 functionality, boundary checks, and system response" time="0.02"/>
    <testcase classname="API Functional & Integration Suite" name="TC_API_028 - Verify API Functional & Integration Suite scenario #28 functionality, boundary checks, and system response" time="0.02"/>
    <testcase classname="API Functional & Integration Suite" name="TC_API_029 - Verify API Functional & Integration Suite scenario #29 functionality, boundary checks, and system response" time="0.02"/>
    <testcase classname="API Functional & Integration Suite" name="TC_API_030 - Verify API Functional & Integration Suite scenario #30 functionality, boundary checks, and system response" time="0.02"/>
    <testcase classname="API Functional & Integration Suite" name="TC_API_031 - Verify API Functional & Integration Suite scenario #31 functionality, boundary checks, and system response" time="0.02"/>
    <testcase classname="API Functional & Integration Suite" name="TC_API_032 - Verify API Functional & Integration Suite scenario #32 functionality, boundary checks, and system response" time="0.02"/>
    <testcase classname="API Functional & Integration Suite" name="TC_API_033 - Verify API Functional & Integration Suite scenario #33 functionality, boundary checks, and system response" time="0.02"/>
    <testcase classname="API Functional & Integration Suite" name="TC_API_034 - Verify API Functional & Integration Suite scenario #34 functionality, boundary checks, and system response" time="0.02"/>
    <testcase classname="API Functional & Integration Suite" name="TC_API_035 - Verify API Functional & Integration Suite scenario #35 functionality, boundary checks, and system response" time="0.02"/>
    <testcase classname="API Functional & Integration Suite" name="TC_API_036 - Verify API Functional & Integration Suite scenario #36 functionality, boundary checks, and system response" time="0.02"/>
    <testcase classname="API Functional & Integration Suite" name="TC_API_037 - Verify API Functional & Integration Suite scenario #37 functionality, boundary checks, and system response" time="0.02"/>
    <testcase classname="API Functional & Integration Suite" name="TC_API_038 - Verify API Functional & Integration Suite scenario #38 functionality, boundary checks, and system response" time="0.02"/>
    <testcase classname="API Functional & Integration Suite" name="TC_API_039 - Verify API Functional & Integration Suite scenario #39 functionality, boundary checks, and system response" time="0.02"/>
    <testcase classname="API Functional & Integration Suite" name="TC_API_040 - Verify API Functional & Integration Suite scenario #40 functionality, boundary checks, and system response" time="0.02"/>
    <testcase classname="API Functional & Integration Suite" name="TC_API_041 - Verify API Functional & Integration Suite scenario #41 functionality, boundary checks, and system response" time="0.02"/>
    <testcase classname="API Functional & Integration Suite" name="TC_API_042 - Verify API Functional & Integration Suite scenario #42 functionality, boundary checks, and system response" time="0.02"/>
    <testcase classname="API Functional & Integration Suite" name="TC_API_043 - Verify API Functional & Integration Suite scenario #43 functionality, boundary checks, and system response" time="0.02"/>
    <testcase classname="API Functional & Integration Suite" name="TC_API_044 - Verify API Functional & Integration Suite scenario #44 functionality, boundary checks, and system response" time="0.02"/>
    <testcase classname="API Functional & Integration Suite" name="TC_API_045 - Verify API Functional & Integration Suite scenario #45 functionality, boundary checks, and system response" time="0.02"/>
    <testcase classname="API Functional & Integration Suite" name="TC_API_046 - Verify API Functional & Integration Suite scenario #46 functionality, boundary checks, and system response" time="0.02"/>
    <testcase classname="API Functional & Integration Suite" name="TC_API_047 - Verify API Functional & Integration Suite scenario #47 functionality, boundary checks, and system response" time="0.02"/>
    <testcase classname="API Functional & Integration Suite" name="TC_API_048 - Verify API Functional & Integration Suite scenario #48 functionality, boundary checks, and system response" time="0.02"/>
    <testcase classname="API Functional & Integration Suite" name="TC_API_049 - Verify API Functional & Integration Suite scenario #49 functionality, boundary checks, and system response" time="0.02"/>
    <testcase classname="API Functional & Integration Suite" name="TC_API_050 - Verify API Functional & Integration Suite scenario #50 functionality, boundary checks, and system response" time="0.02"/>
    <testcase classname="API Functional & Integration Suite" name="TC_API_051 - Verify API Functional & Integration Suite scenario #51 functionality, boundary checks, and system response" time="0.02"/>
    <testcase classname="API Functional & Integration Suite" name="TC_API_052 - Verify API Functional & Integration Suite scenario #52 functionality, boundary checks, and system response" time="0.02"/>
    <testcase classname="API Functional & Integration Suite" name="TC_API_053 - Verify API Functional & Integration Suite scenario #53 functionality, boundary checks, and system response" time="0.02"/>
    <testcase classname="API Functional & Integration Suite" name="TC_API_054 - Verify API Functional & Integration Suite scenario #54 functionality, boundary checks, and system response" time="0.02"/>
    <testcase classname="API Functional & Integration Suite" name="TC_API_055 - Verify API Functional & Integration Suite scenario #55 functionality, boundary checks, and system response" time="0.02"/>
    <testcase classname="API Functional & Integration Suite" name="TC_API_056 - Verify API Functional & Integration Suite scenario #56 functionality, boundary checks, and system response" time="0.02"/>
    <testcase classname="API Functional & Integration Suite" name="TC_API_057 - Verify API Functional & Integration Suite scenario #57 functionality, boundary checks, and system response" time="0.02"/>
    <testcase classname="API Functional & Integration Suite" name="TC_API_058 - Verify API Functional & Integration Suite scenario #58 functionality, boundary checks, and system response" time="0.02"/>
    <testcase classname="API Functional & Integration Suite" name="TC_API_059 - Verify API Functional & Integration Suite scenario #59 functionality, boundary checks, and system response" time="0.02"/>
    <testcase classname="API Functional & Integration Suite" name="TC_API_060 - Verify API Functional & Integration Suite scenario #60 functionality, boundary checks, and system response" time="0.02"/>
    <testcase classname="API Functional & Integration Suite" name="TC_API_061 - Verify API Functional & Integration Suite scenario #61 functionality, boundary checks, and system response" time="0.02"/>
    <testcase classname="API Functional & Integration Suite" name="TC_API_062 - Verify API Functional & Integration Suite scenario #62 functionality, boundary checks, and system response" time="0.02"/>
    <testcase classname="API Functional & Integration Suite" name="TC_API_063 - Verify API Functional & Integration Suite scenario #63 functionality, boundary checks, and system response" time="0.02"/>
    <testcase classname="API Functional & Integration Suite" name="TC_API_064 - Verify API Functional & Integration Suite scenario #64 functionality, boundary checks, and system response" time="0.02"/>
    <testcase classname="API Functional & Integration Suite" name="TC_API_065 - Verify API Functional & Integration Suite scenario #65 functionality, boundary checks, and system response" time="0.02"/>
    <testcase classname="API Functional & Integration Suite" name="TC_API_066 - Verify API Functional & Integration Suite scenario #66 functionality, boundary checks, and system response" time="0.02"/>
    <testcase classname="API Functional & Integration Suite" name="TC_API_067 - Verify API Functional & Integration Suite scenario #67 functionality, boundary checks, and system response" time="0.02"/>
    <testcase classname="API Functional & Integration Suite" name="TC_API_068 - Verify API Functional & Integration Suite scenario #68 functionality, boundary checks, and system response" time="0.02"/>
    <testcase classname="API Functional & Integration Suite" name="TC_API_069 - Verify API Functional & Integration Suite scenario #69 functionality, boundary checks, and system response" time="0.02"/>
    <testcase classname="API Functional & Integration Suite" name="TC_API_070 - Verify API Functional & Integration Suite scenario #70 functionality, boundary checks, and system response" time="0.02"/>
    <testcase classname="API Functional & Integration Suite" name="TC_API_071 - Verify API Functional & Integration Suite scenario #71 functionality, boundary checks, and system response" time="0.02"/>
    <testcase classname="API Functional & Integration Suite" name="TC_API_072 - Verify API Functional & Integration Suite scenario #72 functionality, boundary checks, and system response" time="0.02"/>
    <testcase classname="API Functional & Integration Suite" name="TC_API_073 - Verify API Functional & Integration Suite scenario #73 functionality, boundary checks, and system response" time="0.02"/>
    <testcase classname="API Functional & Integration Suite" name="TC_API_074 - Verify API Functional & Integration Suite scenario #74 functionality, boundary checks, and system response" time="0.02"/>
    <testcase classname="API Functional & Integration Suite" name="TC_API_075 - Verify API Functional & Integration Suite scenario #75 functionality, boundary checks, and system response" time="0.02"/>
    <testcase classname="API Functional & Integration Suite" name="TC_API_076 - Verify API Functional & Integration Suite scenario #76 functionality, boundary checks, and system response" time="0.02"/>
    <testcase classname="API Functional & Integration Suite" name="TC_API_077 - Verify API Functional & Integration Suite scenario #77 functionality, boundary checks, and system response" time="0.02"/>
    <testcase classname="API Functional & Integration Suite" name="TC_API_078 - Verify API Functional & Integration Suite scenario #78 functionality, boundary checks, and system response" time="0.02"/>
    <testcase classname="API Functional & Integration Suite" name="TC_API_079 - Verify API Functional & Integration Suite scenario #79 functionality, boundary checks, and system response" time="0.02"/>
    <testcase classname="API Functional & Integration Suite" name="TC_API_080 - Verify API Functional & Integration Suite scenario #80 functionality, boundary checks, and system response" time="0.02"/>
    <testcase classname="API Functional & Integration Suite" name="TC_API_081 - Verify API Functional & Integration Suite scenario #81 functionality, boundary checks, and system response" time="0.02"/>
    <testcase classname="API Functional & Integration Suite" name="TC_API_082 - Verify API Functional & Integration Suite scenario #82 functionality, boundary checks, and system response" time="0.02"/>
    <testcase classname="API Functional & Integration Suite" name="TC_API_083 - Verify API Functional & Integration Suite scenario #83 functionality, boundary checks, and system response" time="0.02"/>
    <testcase classname="API Functional & Integration Suite" name="TC_API_084 - Verify API Functional & Integration Suite scenario #84 functionality, boundary checks, and system response" time="0.02"/>
    <testcase classname="API Functional & Integration Suite" name="TC_API_085 - Verify API Functional & Integration Suite scenario #85 functionality, boundary checks, and system response" time="0.02"/>
    <testcase classname="API Functional & Integration Suite" name="TC_API_086 - Verify API Functional & Integration Suite scenario #86 functionality, boundary checks, and system response" time="0.02"/>
    <testcase classname="API Functional & Integration Suite" name="TC_API_087 - Verify API Functional & Integration Suite scenario #87 functionality, boundary checks, and system response" time="0.02"/>
    <testcase classname="API Functional & Integration Suite" name="TC_API_088 - Verify API Functional & Integration Suite scenario #88 functionality, boundary checks, and system response" time="0.02"/>
    <testcase classname="API Functional & Integration Suite" name="TC_API_089 - Verify API Functional & Integration Suite scenario #89 functionality, boundary checks, and system response" time="0.02"/>
    <testcase classname="API Functional & Integration Suite" name="TC_API_090 - Verify API Functional & Integration Suite scenario #90 functionality, boundary checks, and system response" time="0.02"/>
    <testcase classname="API Functional & Integration Suite" name="TC_API_091 - Verify API Functional & Integration Suite scenario #91 functionality, boundary checks, and system response" time="0.02"/>
    <testcase classname="API Functional & Integration Suite" name="TC_API_092 - Verify API Functional & Integration Suite scenario #92 functionality, boundary checks, and system response" time="0.02"/>
    <testcase classname="API Functional & Integration Suite" name="TC_API_093 - Verify API Functional & Integration Suite scenario #93 functionality, boundary checks, and system response" time="0.02"/>
    <testcase classname="API Functional & Integration Suite" name="TC_API_094 - Verify API Functional & Integration Suite scenario #94 functionality, boundary checks, and system response" time="0.02"/>
    <testcase classname="API Functional & Integration Suite" name="TC_API_095 - Verify API Functional & Integration Suite scenario #95 functionality, boundary checks, and system response" time="0.02"/>
    <testcase classname="API Functional & Integration Suite" name="TC_API_096 - Verify API Functional & Integration Suite scenario #96 functionality, boundary checks, and system response" time="0.02"/>
    <testcase classname="API Functional & Integration Suite" name="TC_API_097 - Verify API Functional & Integration Suite scenario #97 functionality, boundary checks, and system response" time="0.02"/>
    <testcase classname="API Functional & Integration Suite" name="TC_API_098 - Verify API Functional & Integration Suite scenario #98 functionality, boundary checks, and system response" time="0.02"/>
    <testcase classname="API Functional & Integration Suite" name="TC_API_099 - Verify API Functional & Integration Suite scenario #99 functionality, boundary checks, and system response" time="0.02"/>
    <testcase classname="API Functional & Integration Suite" name="TC_API_100 - Verify API Functional & Integration Suite scenario #100 functionality, boundary checks, and system response" time="0.02"/>
    <testcase classname="Baseline Load & Performance Suite" name="TC_PERF_001 - Verify Baseline Load & Performance Suite scenario #1 functionality, boundary checks, and system response" time="0.02"/>
    <testcase classname="Baseline Load & Performance Suite" name="TC_PERF_002 - Verify Baseline Load & Performance Suite scenario #2 functionality, boundary checks, and system response" time="0.02"/>
    <testcase classname="Baseline Load & Performance Suite" name="TC_PERF_003 - Verify Baseline Load & Performance Suite scenario #3 functionality, boundary checks, and system response" time="0.02"/>
    <testcase classname="Baseline Load & Performance Suite" name="TC_PERF_004 - Verify Baseline Load & Performance Suite scenario #4 functionality, boundary checks, and system response" time="0.02"/>
    <testcase classname="Baseline Load & Performance Suite" name="TC_PERF_005 - Verify Baseline Load & Performance Suite scenario #5 functionality, boundary checks, and system response" time="0.02"/>
    <testcase classname="Baseline Load & Performance Suite" name="TC_PERF_006 - Verify Baseline Load & Performance Suite scenario #6 functionality, boundary checks, and system response" time="0.02"/>
    <testcase classname="Baseline Load & Performance Suite" name="TC_PERF_007 - Verify Baseline Load & Performance Suite scenario #7 functionality, boundary checks, and system response" time="0.02"/>
    <testcase classname="Baseline Load & Performance Suite" name="TC_PERF_008 - Verify Baseline Load & Performance Suite scenario #8 functionality, boundary checks, and system response" time="0.02"/>
    <testcase classname="Baseline Load & Performance Suite" name="TC_PERF_009 - Verify Baseline Load & Performance Suite scenario #9 functionality, boundary checks, and system response" time="0.02"/>
    <testcase classname="Baseline Load & Performance Suite" name="TC_PERF_010 - Verify Baseline Load & Performance Suite scenario #10 functionality, boundary checks, and system response" time="0.02"/>
    <testcase classname="Baseline Load & Performance Suite" name="TC_PERF_011 - Verify Baseline Load & Performance Suite scenario #11 functionality, boundary checks, and system response" time="0.02"/>
    <testcase classname="Baseline Load & Performance Suite" name="TC_PERF_012 - Verify Baseline Load & Performance Suite scenario #12 functionality, boundary checks, and system response" time="0.02"/>
    <testcase classname="Baseline Load & Performance Suite" name="TC_PERF_013 - Verify Baseline Load & Performance Suite scenario #13 functionality, boundary checks, and system response" time="0.02"/>
    <testcase classname="Baseline Load & Performance Suite" name="TC_PERF_014 - Verify Baseline Load & Performance Suite scenario #14 functionality, boundary checks, and system response" time="0.02"/>
    <testcase classname="Baseline Load & Performance Suite" name="TC_PERF_015 - Verify Baseline Load & Performance Suite scenario #15 functionality, boundary checks, and system response" time="0.02"/>
    <testcase classname="Baseline Load & Performance Suite" name="TC_PERF_016 - Verify Baseline Load & Performance Suite scenario #16 functionality, boundary checks, and system response" time="0.02"/>
    <testcase classname="Baseline Load & Performance Suite" name="TC_PERF_017 - Verify Baseline Load & Performance Suite scenario #17 functionality, boundary checks, and system response" time="0.02"/>
    <testcase classname="Baseline Load & Performance Suite" name="TC_PERF_018 - Verify Baseline Load & Performance Suite scenario #18 functionality, boundary checks, and system response" time="0.02"/>
    <testcase classname="Baseline Load & Performance Suite" name="TC_PERF_019 - Verify Baseline Load & Performance Suite scenario #19 functionality, boundary checks, and system response" time="0.02"/>
    <testcase classname="Baseline Load & Performance Suite" name="TC_PERF_020 - Verify Baseline Load & Performance Suite scenario #20 functionality, boundary checks, and system response" time="0.02"/>
    <testcase classname="Baseline Load & Performance Suite" name="TC_PERF_021 - Verify Baseline Load & Performance Suite scenario #21 functionality, boundary checks, and system response" time="0.02"/>
    <testcase classname="Baseline Load & Performance Suite" name="TC_PERF_022 - Verify Baseline Load & Performance Suite scenario #22 functionality, boundary checks, and system response" time="0.02"/>
    <testcase classname="Baseline Load & Performance Suite" name="TC_PERF_023 - Verify Baseline Load & Performance Suite scenario #23 functionality, boundary checks, and system response" time="0.02"/>
    <testcase classname="Baseline Load & Performance Suite" name="TC_PERF_024 - Verify Baseline Load & Performance Suite scenario #24 functionality, boundary checks, and system response" time="0.02"/>
    <testcase classname="Baseline Load & Performance Suite" name="TC_PERF_025 - Verify Baseline Load & Performance Suite scenario #25 functionality, boundary checks, and system response" time="0.02"/>
    <testcase classname="Baseline Load & Performance Suite" name="TC_PERF_026 - Verify Baseline Load & Performance Suite scenario #26 functionality, boundary checks, and system response" time="0.02"/>
    <testcase classname="Baseline Load & Performance Suite" name="TC_PERF_027 - Verify Baseline Load & Performance Suite scenario #27 functionality, boundary checks, and system response" time="0.02"/>
    <testcase classname="Baseline Load & Performance Suite" name="TC_PERF_028 - Verify Baseline Load & Performance Suite scenario #28 functionality, boundary checks, and system response" time="0.02"/>
    <testcase classname="Baseline Load & Performance Suite" name="TC_PERF_029 - Verify Baseline Load & Performance Suite scenario #29 functionality, boundary checks, and system response" time="0.02"/>
    <testcase classname="Baseline Load & Performance Suite" name="TC_PERF_030 - Verify Baseline Load & Performance Suite scenario #30 functionality, boundary checks, and system response" time="0.02"/>
    <testcase classname="Baseline Load & Performance Suite" name="TC_PERF_031 - Verify Baseline Load & Performance Suite scenario #31 functionality, boundary checks, and system response" time="0.02"/>
    <testcase classname="Baseline Load & Performance Suite" name="TC_PERF_032 - Verify Baseline Load & Performance Suite scenario #32 functionality, boundary checks, and system response" time="0.02"/>
    <testcase classname="Baseline Load & Performance Suite" name="TC_PERF_033 - Verify Baseline Load & Performance Suite scenario #33 functionality, boundary checks, and system response" time="0.02"/>
    <testcase classname="Baseline Load & Performance Suite" name="TC_PERF_034 - Verify Baseline Load & Performance Suite scenario #34 functionality, boundary checks, and system response" time="0.02"/>
    <testcase classname="Baseline Load & Performance Suite" name="TC_PERF_035 - Verify Baseline Load & Performance Suite scenario #35 functionality, boundary checks, and system response" time="0.02"/>
    <testcase classname="Baseline Load & Performance Suite" name="TC_PERF_036 - Verify Baseline Load & Performance Suite scenario #36 functionality, boundary checks, and system response" time="0.02"/>
    <testcase classname="Baseline Load & Performance Suite" name="TC_PERF_037 - Verify Baseline Load & Performance Suite scenario #37 functionality, boundary checks, and system response" time="0.02"/>
    <testcase classname="Baseline Load & Performance Suite" name="TC_PERF_038 - Verify Baseline Load & Performance Suite scenario #38 functionality, boundary checks, and system response" time="0.02"/>
    <testcase classname="Baseline Load & Performance Suite" name="TC_PERF_039 - Verify Baseline Load & Performance Suite scenario #39 functionality, boundary checks, and system response" time="0.02"/>
    <testcase classname="Baseline Load & Performance Suite" name="TC_PERF_040 - Verify Baseline Load & Performance Suite scenario #40 functionality, boundary checks, and system response" time="0.02"/>
    <testcase classname="Baseline Load & Performance Suite" name="TC_PERF_041 - Verify Baseline Load & Performance Suite scenario #41 functionality, boundary checks, and system response" time="0.02"/>
    <testcase classname="Baseline Load & Performance Suite" name="TC_PERF_042 - Verify Baseline Load & Performance Suite scenario #42 functionality, boundary checks, and system response" time="0.02"/>
    <testcase classname="Baseline Load & Performance Suite" name="TC_PERF_043 - Verify Baseline Load & Performance Suite scenario #43 functionality, boundary checks, and system response" time="0.02"/>
    <testcase classname="Baseline Load & Performance Suite" name="TC_PERF_044 - Verify Baseline Load & Performance Suite scenario #44 functionality, boundary checks, and system response" time="0.02"/>
    <testcase classname="Baseline Load & Performance Suite" name="TC_PERF_045 - Verify Baseline Load & Performance Suite scenario #45 functionality, boundary checks, and system response" time="0.02"/>
    <testcase classname="Baseline Load & Performance Suite" name="TC_PERF_046 - Verify Baseline Load & Performance Suite scenario #46 functionality, boundary checks, and system response" time="0.02"/>
    <testcase classname="Baseline Load & Performance Suite" name="TC_PERF_047 - Verify Baseline Load & Performance Suite scenario #47 functionality, boundary checks, and system response" time="0.02"/>
    <testcase classname="Baseline Load & Performance Suite" name="TC_PERF_048 - Verify Baseline Load & Performance Suite scenario #48 functionality, boundary checks, and system response" time="0.02"/>
    <testcase classname="Baseline Load & Performance Suite" name="TC_PERF_049 - Verify Baseline Load & Performance Suite scenario #49 functionality, boundary checks, and system response" time="0.02"/>
    <testcase classname="Baseline Load & Performance Suite" name="TC_PERF_050 - Verify Baseline Load & Performance Suite scenario #50 functionality, boundary checks, and system response" time="0.02"/>
  </testsuite>
</testsuites>
